have_library: checking for tgetnum() in -lncurses... -------------------- yes

"gcc -o conftest -I. -I/usr/lib/ruby/1.8/i686-linux -I/home/zer0kreativity/.rvm/src/ruby-1.9.2-p290/ext/readline  -D_FILE_OFFSET_BITS=64  -fno-strict-aliasing -g -g -O2  -fPIC   conftest.c  -L. -L/usr/lib -L. -Wl,-Bsymbolic-functions -rdynamic -Wl,-export-dynamic     -lruby1.8-static -lncurses  -lpthread -lrt -ldl -lcrypt -lm   -lc"
conftest.c: In function ‘t’:
conftest.c:3:53: error: ‘tgetnum’ undeclared (first use in this function)
conftest.c:3:53: note: each undeclared identifier is reported only once for each function it appears in
checked program was:
/* begin */
1: /*top*/
2: int main() { return 0; }
3: int t() { void ((*volatile p)()); p = (void ((*)()))tgetnum; return 0; }
/* end */

"gcc -o conftest -I. -I/usr/lib/ruby/1.8/i686-linux -I/home/zer0kreativity/.rvm/src/ruby-1.9.2-p290/ext/readline  -D_FILE_OFFSET_BITS=64  -fno-strict-aliasing -g -g -O2  -fPIC   conftest.c  -L. -L/usr/lib -L. -Wl,-Bsymbolic-functions -rdynamic -Wl,-export-dynamic     -lruby1.8-static -lncurses  -lpthread -lrt -ldl -lcrypt -lm   -lc"
checked program was:
/* begin */
1: /*top*/
2: int main() { return 0; }
3: int t() { tgetnum(); return 0; }
/* end */

--------------------

have_header: checking for readline/readline.h... -------------------- yes

"gcc -E -I. -I/usr/lib/ruby/1.8/i686-linux -I/home/zer0kreativity/.rvm/src/ruby-1.9.2-p290/ext/readline  -D_FILE_OFFSET_BITS=64  -fno-strict-aliasing -g -g -O2  -fPIC    conftest.c -o conftest.i"
checked program was:
/* begin */
1: #include <readline/readline.h>
/* end */

--------------------

have_header: checking for readline/history.h... -------------------- yes

"gcc -E -I. -I/usr/lib/ruby/1.8/i686-linux -I/home/zer0kreativity/.rvm/src/ruby-1.9.2-p290/ext/readline  -D_FILE_OFFSET_BITS=64  -fno-strict-aliasing -g -g -O2  -fPIC    conftest.c -o conftest.i"
checked program was:
/* begin */
1: #include <readline/history.h>
/* end */

--------------------

have_library: checking for readline() in -lreadline... -------------------- yes

"gcc -o conftest -I. -I/usr/lib/ruby/1.8/i686-linux -I/home/zer0kreativity/.rvm/src/ruby-1.9.2-p290/ext/readline  -D_FILE_OFFSET_BITS=64  -fno-strict-aliasing -g -g -O2  -fPIC   conftest.c  -L. -L/usr/lib -L. -Wl,-Bsymbolic-functions -rdynamic -Wl,-export-dynamic    -lncurses  -lruby1.8-static -lreadline -lncurses  -lpthread -lrt -ldl -lcrypt -lm   -lc"
conftest.c: In function ‘t’:
conftest.c:3:53: error: ‘readline’ undeclared (first use in this function)
conftest.c:3:53: note: each undeclared identifier is reported only once for each function it appears in
checked program was:
/* begin */
1: /*top*/
2: int main() { return 0; }
3: int t() { void ((*volatile p)()); p = (void ((*)()))readline; return 0; }
/* end */

"gcc -o conftest -I. -I/usr/lib/ruby/1.8/i686-linux -I/home/zer0kreativity/.rvm/src/ruby-1.9.2-p290/ext/readline  -D_FILE_OFFSET_BITS=64  -fno-strict-aliasing -g -g -O2  -fPIC   conftest.c  -L. -L/usr/lib -L. -Wl,-Bsymbolic-functions -rdynamic -Wl,-export-dynamic    -lncurses  -lruby1.8-static -lreadline -lncurses  -lpthread -lrt -ldl -lcrypt -lm   -lc"
checked program was:
/* begin */
1: /*top*/
2: int main() { return 0; }
3: int t() { readline(); return 0; }
/* end */

--------------------

have_func: checking for rl_getc_function() in stdio.h,readline/readline.h,readline/history.h... -------------------- yes

"gcc -o conftest -I. -I/usr/lib/ruby/1.8/i686-linux -I/home/zer0kreativity/.rvm/src/ruby-1.9.2-p290/ext/readline  -D_FILE_OFFSET_BITS=64  -fno-strict-aliasing -g -g -O2  -fPIC   conftest.c  -L. -L/usr/lib -L. -Wl,-Bsymbolic-functions -rdynamic -Wl,-export-dynamic    -lreadline -lncurses  -lruby1.8-static -lreadline -lncurses  -lpthread -lrt -ldl -lcrypt -lm   -lc"
checked program was:
/* begin */
1: #include <stdio.h>
2: #include <readline/readline.h>
3: #include <readline/history.h>
4: 
5: /*top*/
6: int main() { return 0; }
7: int t() { void ((*volatile p)()); p = (void ((*)()))rl_getc_function; return 0; }
/* end */

--------------------

have_func: checking for rl_filename_completion_function() in stdio.h,readline/readline.h,readline/history.h... -------------------- yes

"gcc -o conftest -I. -I/usr/lib/ruby/1.8/i686-linux -I/home/zer0kreativity/.rvm/src/ruby-1.9.2-p290/ext/readline  -D_FILE_OFFSET_BITS=64  -fno-strict-aliasing -g -g -O2  -fPIC   conftest.c  -L. -L/usr/lib -L. -Wl,-Bsymbolic-functions -rdynamic -Wl,-export-dynamic    -lreadline -lncurses  -lruby1.8-static -lreadline -lncurses  -lpthread -lrt -ldl -lcrypt -lm   -lc"
checked program was:
/* begin */
1: #include <stdio.h>
2: #include <readline/readline.h>
3: #include <readline/history.h>
4: 
5: /*top*/
6: int main() { return 0; }
7: int t() { void ((*volatile p)()); p = (void ((*)()))rl_filename_completion_function; return 0; }
/* end */

--------------------

have_func: checking for rl_username_completion_function() in stdio.h,readline/readline.h,readline/history.h... -------------------- yes

"gcc -o conftest -I. -I/usr/lib/ruby/1.8/i686-linux -I/home/zer0kreativity/.rvm/src/ruby-1.9.2-p290/ext/readline  -D_FILE_OFFSET_BITS=64  -fno-strict-aliasing -g -g -O2  -fPIC   conftest.c  -L. -L/usr/lib -L. -Wl,-Bsymbolic-functions -rdynamic -Wl,-export-dynamic    -lreadline -lncurses  -lruby1.8-static -lreadline -lncurses  -lpthread -lrt -ldl -lcrypt -lm   -lc"
checked program was:
/* begin */
1: #include <stdio.h>
2: #include <readline/readline.h>
3: #include <readline/history.h>
4: 
5: /*top*/
6: int main() { return 0; }
7: int t() { void ((*volatile p)()); p = (void ((*)()))rl_username_completion_function; return 0; }
/* end */

--------------------

have_func: checking for rl_completion_matches() in stdio.h,readline/readline.h,readline/history.h... -------------------- yes

"gcc -o conftest -I. -I/usr/lib/ruby/1.8/i686-linux -I/home/zer0kreativity/.rvm/src/ruby-1.9.2-p290/ext/readline  -D_FILE_OFFSET_BITS=64  -fno-strict-aliasing -g -g -O2  -fPIC   conftest.c  -L. -L/usr/lib -L. -Wl,-Bsymbolic-functions -rdynamic -Wl,-export-dynamic    -lreadline -lncurses  -lruby1.8-static -lreadline -lncurses  -lpthread -lrt -ldl -lcrypt -lm   -lc"
checked program was:
/* begin */
1: #include <stdio.h>
2: #include <readline/readline.h>
3: #include <readline/history.h>
4: 
5: /*top*/
6: int main() { return 0; }
7: int t() { void ((*volatile p)()); p = (void ((*)()))rl_completion_matches; return 0; }
/* end */

--------------------

have_func: checking for rl_refresh_line() in stdio.h,readline/readline.h,readline/history.h... -------------------- yes

"gcc -o conftest -I. -I/usr/lib/ruby/1.8/i686-linux -I/home/zer0kreativity/.rvm/src/ruby-1.9.2-p290/ext/readline  -D_FILE_OFFSET_BITS=64  -fno-strict-aliasing -g -g -O2  -fPIC   conftest.c  -L. -L/usr/lib -L. -Wl,-Bsymbolic-functions -rdynamic -Wl,-export-dynamic    -lreadline -lncurses  -lruby1.8-static -lreadline -lncurses  -lpthread -lrt -ldl -lcrypt -lm   -lc"
checked program was:
/* begin */
1: #include <stdio.h>
2: #include <readline/readline.h>
3: #include <readline/history.h>
4: 
5: /*top*/
6: int main() { return 0; }
7: int t() { void ((*volatile p)()); p = (void ((*)()))rl_refresh_line; return 0; }
/* end */

--------------------

have_var: checking for rl_deprep_term_function in stdio.h,readline/readline.h,readline/history.h... -------------------- yes

"gcc -I. -I/usr/lib/ruby/1.8/i686-linux -I/home/zer0kreativity/.rvm/src/ruby-1.9.2-p290/ext/readline  -D_FILE_OFFSET_BITS=64  -fno-strict-aliasing -g -g -O2  -fPIC     -c conftest.c"
checked program was:
/* begin */
1: #include <stdio.h>
2: #include <readline/readline.h>
3: #include <readline/history.h>
4: 
5: /*top*/
6: int main() { return 0; }
7: int t() { const volatile void *volatile p; p = &(&rl_deprep_term_function)[0]; return 0; }
/* end */

--------------------

have_var: checking for rl_completion_append_character in stdio.h,readline/readline.h,readline/history.h... -------------------- yes

"gcc -I. -I/usr/lib/ruby/1.8/i686-linux -I/home/zer0kreativity/.rvm/src/ruby-1.9.2-p290/ext/readline  -D_FILE_OFFSET_BITS=64  -fno-strict-aliasing -g -g -O2  -fPIC     -c conftest.c"
checked program was:
/* begin */
1: #include <stdio.h>
2: #include <readline/readline.h>
3: #include <readline/history.h>
4: 
5: /*top*/
6: int main() { return 0; }
7: int t() { const volatile void *volatile p; p = &(&rl_completion_append_character)[0]; return 0; }
/* end */

--------------------

have_var: checking for rl_basic_word_break_characters in stdio.h,readline/readline.h,readline/history.h... -------------------- yes

"gcc -I. -I/usr/lib/ruby/1.8/i686-linux -I/home/zer0kreativity/.rvm/src/ruby-1.9.2-p290/ext/readline  -D_FILE_OFFSET_BITS=64  -fno-strict-aliasing -g -g -O2  -fPIC     -c conftest.c"
checked program was:
/* begin */
1: #include <stdio.h>
2: #include <readline/readline.h>
3: #include <readline/history.h>
4: 
5: /*top*/
6: int main() { return 0; }
7: int t() { const volatile void *volatile p; p = &(&rl_basic_word_break_characters)[0]; return 0; }
/* end */

--------------------

have_var: checking for rl_completer_word_break_characters in stdio.h,readline/readline.h,readline/history.h... -------------------- yes

"gcc -I. -I/usr/lib/ruby/1.8/i686-linux -I/home/zer0kreativity/.rvm/src/ruby-1.9.2-p290/ext/readline  -D_FILE_OFFSET_BITS=64  -fno-strict-aliasing -g -g -O2  -fPIC     -c conftest.c"
checked program was:
/* begin */
1: #include <stdio.h>
2: #include <readline/readline.h>
3: #include <readline/history.h>
4: 
5: /*top*/
6: int main() { return 0; }
7: int t() { const volatile void *volatile p; p = &(&rl_completer_word_break_characters)[0]; return 0; }
/* end */

--------------------

have_var: checking for rl_basic_quote_characters in stdio.h,readline/readline.h,readline/history.h... -------------------- yes

"gcc -I. -I/usr/lib/ruby/1.8/i686-linux -I/home/zer0kreativity/.rvm/src/ruby-1.9.2-p290/ext/readline  -D_FILE_OFFSET_BITS=64  -fno-strict-aliasing -g -g -O2  -fPIC     -c conftest.c"
checked program was:
/* begin */
1: #include <stdio.h>
2: #include <readline/readline.h>
3: #include <readline/history.h>
4: 
5: /*top*/
6: int main() { return 0; }
7: int t() { const volatile void *volatile p; p = &(&rl_basic_quote_characters)[0]; return 0; }
/* end */

--------------------

have_var: checking for rl_completer_quote_characters in stdio.h,readline/readline.h,readline/history.h... -------------------- yes

"gcc -I. -I/usr/lib/ruby/1.8/i686-linux -I/home/zer0kreativity/.rvm/src/ruby-1.9.2-p290/ext/readline  -D_FILE_OFFSET_BITS=64  -fno-strict-aliasing -g -g -O2  -fPIC     -c conftest.c"
checked program was:
/* begin */
1: #include <stdio.h>
2: #include <readline/readline.h>
3: #include <readline/history.h>
4: 
5: /*top*/
6: int main() { return 0; }
7: int t() { const volatile void *volatile p; p = &(&rl_completer_quote_characters)[0]; return 0; }
/* end */

--------------------

have_var: checking for rl_filename_quote_characters in stdio.h,readline/readline.h,readline/history.h... -------------------- yes

"gcc -I. -I/usr/lib/ruby/1.8/i686-linux -I/home/zer0kreativity/.rvm/src/ruby-1.9.2-p290/ext/readline  -D_FILE_OFFSET_BITS=64  -fno-strict-aliasing -g -g -O2  -fPIC     -c conftest.c"
checked program was:
/* begin */
1: #include <stdio.h>
2: #include <readline/readline.h>
3: #include <readline/history.h>
4: 
5: /*top*/
6: int main() { return 0; }
7: int t() { const volatile void *volatile p; p = &(&rl_filename_quote_characters)[0]; return 0; }
/* end */

--------------------

have_var: checking for rl_attempted_completion_over in stdio.h,readline/readline.h,readline/history.h... -------------------- yes

"gcc -I. -I/usr/lib/ruby/1.8/i686-linux -I/home/zer0kreativity/.rvm/src/ruby-1.9.2-p290/ext/readline  -D_FILE_OFFSET_BITS=64  -fno-strict-aliasing -g -g -O2  -fPIC     -c conftest.c"
checked program was:
/* begin */
1: #include <stdio.h>
2: #include <readline/readline.h>
3: #include <readline/history.h>
4: 
5: /*top*/
6: int main() { return 0; }
7: int t() { const volatile void *volatile p; p = &(&rl_attempted_completion_over)[0]; return 0; }
/* end */

--------------------

have_var: checking for rl_library_version in stdio.h,readline/readline.h,readline/history.h... -------------------- yes

"gcc -I. -I/usr/lib/ruby/1.8/i686-linux -I/home/zer0kreativity/.rvm/src/ruby-1.9.2-p290/ext/readline  -D_FILE_OFFSET_BITS=64  -fno-strict-aliasing -g -g -O2  -fPIC     -c conftest.c"
checked program was:
/* begin */
1: #include <stdio.h>
2: #include <readline/readline.h>
3: #include <readline/history.h>
4: 
5: /*top*/
6: int main() { return 0; }
7: int t() { const volatile void *volatile p; p = &(&rl_library_version)[0]; return 0; }
/* end */

--------------------

have_var: checking for rl_editing_mode in stdio.h,readline/readline.h,readline/history.h... -------------------- yes

"gcc -I. -I/usr/lib/ruby/1.8/i686-linux -I/home/zer0kreativity/.rvm/src/ruby-1.9.2-p290/ext/readline  -D_FILE_OFFSET_BITS=64  -fno-strict-aliasing -g -g -O2  -fPIC     -c conftest.c"
checked program was:
/* begin */
1: #include <stdio.h>
2: #include <readline/readline.h>
3: #include <readline/history.h>
4: 
5: /*top*/
6: int main() { return 0; }
7: int t() { const volatile void *volatile p; p = &(&rl_editing_mode)[0]; return 0; }
/* end */

--------------------

have_var: checking for rl_line_buffer in stdio.h,readline/readline.h,readline/history.h... -------------------- yes

"gcc -I. -I/usr/lib/ruby/1.8/i686-linux -I/home/zer0kreativity/.rvm/src/ruby-1.9.2-p290/ext/readline  -D_FILE_OFFSET_BITS=64  -fno-strict-aliasing -g -g -O2  -fPIC     -c conftest.c"
checked program was:
/* begin */
1: #include <stdio.h>
2: #include <readline/readline.h>
3: #include <readline/history.h>
4: 
5: /*top*/
6: int main() { return 0; }
7: int t() { const volatile void *volatile p; p = &(&rl_line_buffer)[0]; return 0; }
/* end */

--------------------

have_var: checking for rl_point in stdio.h,readline/readline.h,readline/history.h... -------------------- yes

"gcc -I. -I/usr/lib/ruby/1.8/i686-linux -I/home/zer0kreativity/.rvm/src/ruby-1.9.2-p290/ext/readline  -D_FILE_OFFSET_BITS=64  -fno-strict-aliasing -g -g -O2  -fPIC     -c conftest.c"
checked program was:
/* begin */
1: #include <stdio.h>
2: #include <readline/readline.h>
3: #include <readline/history.h>
4: 
5: /*top*/
6: int main() { return 0; }
7: int t() { const volatile void *volatile p; p = &(&rl_point)[0]; return 0; }
/* end */

--------------------

have_var: checking for rl_event_hook in stdio.h,readline/readline.h,readline/history.h... -------------------- yes

"gcc -I. -I/usr/lib/ruby/1.8/i686-linux -I/home/zer0kreativity/.rvm/src/ruby-1.9.2-p290/ext/readline  -D_FILE_OFFSET_BITS=64  -fno-strict-aliasing -g -g -O2  -fPIC     -c conftest.c"
checked program was:
/* begin */
1: #include <stdio.h>
2: #include <readline/readline.h>
3: #include <readline/history.h>
4: 
5: /*top*/
6: int main() { return 0; }
7: int t() { const volatile void *volatile p; p = &(&rl_event_hook)[0]; return 0; }
/* end */

--------------------

have_var: checking for rl_catch_sigwinch in stdio.h,readline/readline.h,readline/history.h... -------------------- yes

"gcc -I. -I/usr/lib/ruby/1.8/i686-linux -I/home/zer0kreativity/.rvm/src/ruby-1.9.2-p290/ext/readline  -D_FILE_OFFSET_BITS=64  -fno-strict-aliasing -g -g -O2  -fPIC     -c conftest.c"
checked program was:
/* begin */
1: #include <stdio.h>
2: #include <readline/readline.h>
3: #include <readline/history.h>
4: 
5: /*top*/
6: int main() { return 0; }
7: int t() { const volatile void *volatile p; p = &(&rl_catch_sigwinch)[0]; return 0; }
/* end */

--------------------

have_var: checking for rl_catch_signals in stdio.h,readline/readline.h,readline/history.h... -------------------- yes

"gcc -I. -I/usr/lib/ruby/1.8/i686-linux -I/home/zer0kreativity/.rvm/src/ruby-1.9.2-p290/ext/readline  -D_FILE_OFFSET_BITS=64  -fno-strict-aliasing -g -g -O2  -fPIC     -c conftest.c"
checked program was:
/* begin */
1: #include <stdio.h>
2: #include <readline/readline.h>
3: #include <readline/history.h>
4: 
5: /*top*/
6: int main() { return 0; }
7: int t() { const volatile void *volatile p; p = &(&rl_catch_signals)[0]; return 0; }
/* end */

--------------------

have_func: checking for rl_cleanup_after_signal() in stdio.h,readline/readline.h,readline/history.h... -------------------- yes

"gcc -o conftest -I. -I/usr/lib/ruby/1.8/i686-linux -I/home/zer0kreativity/.rvm/src/ruby-1.9.2-p290/ext/readline  -D_FILE_OFFSET_BITS=64  -fno-strict-aliasing -g -g -O2  -fPIC   conftest.c  -L. -L/usr/lib -L. -Wl,-Bsymbolic-functions -rdynamic -Wl,-export-dynamic    -lreadline -lncurses  -lruby1.8-static -lreadline -lncurses  -lpthread -lrt -ldl -lcrypt -lm   -lc"
checked program was:
/* begin */
1: #include <stdio.h>
2: #include <readline/readline.h>
3: #include <readline/history.h>
4: 
5: /*top*/
6: int main() { return 0; }
7: int t() { void ((*volatile p)()); p = (void ((*)()))rl_cleanup_after_signal; return 0; }
/* end */

--------------------

have_func: checking for rl_clear_signals() in stdio.h,readline/readline.h,readline/history.h... -------------------- yes

"gcc -o conftest -I. -I/usr/lib/ruby/1.8/i686-linux -I/home/zer0kreativity/.rvm/src/ruby-1.9.2-p290/ext/readline  -D_FILE_OFFSET_BITS=64  -fno-strict-aliasing -g -g -O2  -fPIC   conftest.c  -L. -L/usr/lib -L. -Wl,-Bsymbolic-functions -rdynamic -Wl,-export-dynamic    -lreadline -lncurses  -lruby1.8-static -lreadline -lncurses  -lpthread -lrt -ldl -lcrypt -lm   -lc"
checked program was:
/* begin */
1: #include <stdio.h>
2: #include <readline/readline.h>
3: #include <readline/history.h>
4: 
5: /*top*/
6: int main() { return 0; }
7: int t() { void ((*volatile p)()); p = (void ((*)()))rl_clear_signals; return 0; }
/* end */

--------------------

have_func: checking for rl_set_screen_size() in stdio.h,readline/readline.h,readline/history.h... -------------------- yes

"gcc -o conftest -I. -I/usr/lib/ruby/1.8/i686-linux -I/home/zer0kreativity/.rvm/src/ruby-1.9.2-p290/ext/readline  -D_FILE_OFFSET_BITS=64  -fno-strict-aliasing -g -g -O2  -fPIC   conftest.c  -L. -L/usr/lib -L. -Wl,-Bsymbolic-functions -rdynamic -Wl,-export-dynamic    -lreadline -lncurses  -lruby1.8-static -lreadline -lncurses  -lpthread -lrt -ldl -lcrypt -lm   -lc"
checked program was:
/* begin */
1: #include <stdio.h>
2: #include <readline/readline.h>
3: #include <readline/history.h>
4: 
5: /*top*/
6: int main() { return 0; }
7: int t() { void ((*volatile p)()); p = (void ((*)()))rl_set_screen_size; return 0; }
/* end */

--------------------

have_func: checking for rl_get_screen_size() in stdio.h,readline/readline.h,readline/history.h... -------------------- yes

"gcc -o conftest -I. -I/usr/lib/ruby/1.8/i686-linux -I/home/zer0kreativity/.rvm/src/ruby-1.9.2-p290/ext/readline  -D_FILE_OFFSET_BITS=64  -fno-strict-aliasing -g -g -O2  -fPIC   conftest.c  -L. -L/usr/lib -L. -Wl,-Bsymbolic-functions -rdynamic -Wl,-export-dynamic    -lreadline -lncurses  -lruby1.8-static -lreadline -lncurses  -lpthread -lrt -ldl -lcrypt -lm   -lc"
checked program was:
/* begin */
1: #include <stdio.h>
2: #include <readline/readline.h>
3: #include <readline/history.h>
4: 
5: /*top*/
6: int main() { return 0; }
7: int t() { void ((*volatile p)()); p = (void ((*)()))rl_get_screen_size; return 0; }
/* end */

--------------------

have_func: checking for rl_vi_editing_mode() in stdio.h,readline/readline.h,readline/history.h... -------------------- yes

"gcc -o conftest -I. -I/usr/lib/ruby/1.8/i686-linux -I/home/zer0kreativity/.rvm/src/ruby-1.9.2-p290/ext/readline  -D_FILE_OFFSET_BITS=64  -fno-strict-aliasing -g -g -O2  -fPIC   conftest.c  -L. -L/usr/lib -L. -Wl,-Bsymbolic-functions -rdynamic -Wl,-export-dynamic    -lreadline -lncurses  -lruby1.8-static -lreadline -lncurses  -lpthread -lrt -ldl -lcrypt -lm   -lc"
checked program was:
/* begin */
1: #include <stdio.h>
2: #include <readline/readline.h>
3: #include <readline/history.h>
4: 
5: /*top*/
6: int main() { return 0; }
7: int t() { void ((*volatile p)()); p = (void ((*)()))rl_vi_editing_mode; return 0; }
/* end */

--------------------

have_func: checking for rl_emacs_editing_mode() in stdio.h,readline/readline.h,readline/history.h... -------------------- yes

"gcc -o conftest -I. -I/usr/lib/ruby/1.8/i686-linux -I/home/zer0kreativity/.rvm/src/ruby-1.9.2-p290/ext/readline  -D_FILE_OFFSET_BITS=64  -fno-strict-aliasing -g -g -O2  -fPIC   conftest.c  -L. -L/usr/lib -L. -Wl,-Bsymbolic-functions -rdynamic -Wl,-export-dynamic    -lreadline -lncurses  -lruby1.8-static -lreadline -lncurses  -lpthread -lrt -ldl -lcrypt -lm   -lc"
checked program was:
/* begin */
1: #include <stdio.h>
2: #include <readline/readline.h>
3: #include <readline/history.h>
4: 
5: /*top*/
6: int main() { return 0; }
7: int t() { void ((*volatile p)()); p = (void ((*)()))rl_emacs_editing_mode; return 0; }
/* end */

--------------------

have_func: checking for replace_history_entry() in stdio.h,readline/readline.h,readline/history.h... -------------------- yes

"gcc -o conftest -I. -I/usr/lib/ruby/1.8/i686-linux -I/home/zer0kreativity/.rvm/src/ruby-1.9.2-p290/ext/readline  -D_FILE_OFFSET_BITS=64  -fno-strict-aliasing -g -g -O2  -fPIC   conftest.c  -L. -L/usr/lib -L. -Wl,-Bsymbolic-functions -rdynamic -Wl,-export-dynamic    -lreadline -lncurses  -lruby1.8-static -lreadline -lncurses  -lpthread -lrt -ldl -lcrypt -lm   -lc"
checked program was:
/* begin */
1: #include <stdio.h>
2: #include <readline/readline.h>
3: #include <readline/history.h>
4: 
5: /*top*/
6: int main() { return 0; }
7: int t() { void ((*volatile p)()); p = (void ((*)()))replace_history_entry; return 0; }
/* end */

--------------------

have_func: checking for remove_history() in stdio.h,readline/readline.h,readline/history.h... -------------------- yes

"gcc -o conftest -I. -I/usr/lib/ruby/1.8/i686-linux -I/home/zer0kreativity/.rvm/src/ruby-1.9.2-p290/ext/readline  -D_FILE_OFFSET_BITS=64  -fno-strict-aliasing -g -g -O2  -fPIC   conftest.c  -L. -L/usr/lib -L. -Wl,-Bsymbolic-functions -rdynamic -Wl,-export-dynamic    -lreadline -lncurses  -lruby1.8-static -lreadline -lncurses  -lpthread -lrt -ldl -lcrypt -lm   -lc"
checked program was:
/* begin */
1: #include <stdio.h>
2: #include <readline/readline.h>
3: #include <readline/history.h>
4: 
5: /*top*/
6: int main() { return 0; }
7: int t() { void ((*volatile p)()); p = (void ((*)()))remove_history; return 0; }
/* end */

--------------------

have_func: checking for clear_history() in stdio.h,readline/readline.h,readline/history.h... -------------------- yes

"gcc -o conftest -I. -I/usr/lib/ruby/1.8/i686-linux -I/home/zer0kreativity/.rvm/src/ruby-1.9.2-p290/ext/readline  -D_FILE_OFFSET_BITS=64  -fno-strict-aliasing -g -g -O2  -fPIC   conftest.c  -L. -L/usr/lib -L. -Wl,-Bsymbolic-functions -rdynamic -Wl,-export-dynamic    -lreadline -lncurses  -lruby1.8-static -lreadline -lncurses  -lpthread -lrt -ldl -lcrypt -lm   -lc"
checked program was:
/* begin */
1: #include <stdio.h>
2: #include <readline/readline.h>
3: #include <readline/history.h>
4: 
5: /*top*/
6: int main() { return 0; }
7: int t() { void ((*volatile p)()); p = (void ((*)()))clear_history; return 0; }
/* end */

--------------------

have_macro: checking for RL_PROMPT_START_IGNORE in stdio.h,readline/readline.h,readline/history.h... -------------------- yes

"gcc -I. -I/usr/lib/ruby/1.8/i686-linux -I/home/zer0kreativity/.rvm/src/ruby-1.9.2-p290/ext/readline  -D_FILE_OFFSET_BITS=64  -fno-strict-aliasing -g -g -O2  -fPIC     -c conftest.c"
checked program was:
/* begin */
1: #include <stdio.h>
2: #include <readline/readline.h>
3: #include <readline/history.h>
4: /*top*/
5: #ifndef RL_PROMPT_START_IGNORE
6: # error
7: >>>>>> RL_PROMPT_START_IGNORE undefined <<<<<<
8: #endif
/* end */

--------------------

have_macro: checking for RL_PROMPT_END_IGNORE in stdio.h,readline/readline.h,readline/history.h... -------------------- yes

"gcc -I. -I/usr/lib/ruby/1.8/i686-linux -I/home/zer0kreativity/.rvm/src/ruby-1.9.2-p290/ext/readline  -D_FILE_OFFSET_BITS=64  -fno-strict-aliasing -g -g -O2  -fPIC     -c conftest.c"
checked program was:
/* begin */
1: #include <stdio.h>
2: #include <readline/readline.h>
3: #include <readline/history.h>
4: /*top*/
5: #ifndef RL_PROMPT_END_IGNORE
6: # error
7: >>>>>> RL_PROMPT_END_IGNORE undefined <<<<<<
8: #endif
/* end */

--------------------

